<?xml version="1.0" encoding="UTF-8"?>
<!-- Generated by org.testng.reporters.JUnitReportReporter -->
<testsuite hostname="Damians-MacBook-Pro-2.local" failures="0" tests="7" name="com.hostaway.tests.FiltersFormTests" time="111.737" errors="0" timestamp="2023-05-19T12:34:50 CEST" skipped="0">
  <testcase classname="com.hostaway.tests.FiltersFormTests" name="testClearAll" time="6.094"/>
  <system-out/>
  <testcase classname="com.hostaway.tests.FiltersFormTests" name="testPriceRange" time="16.386"/>
  <system-out/>
  <testcase classname="com.hostaway.tests.FiltersFormTests" name="testBedroomsButtons" time="2.708"/>
  <system-out/>
  <testcase classname="com.hostaway.tests.FiltersFormTests" name="testBedsButtons" time="12.163"/>
  <system-out/>
  <testcase classname="com.hostaway.tests.FiltersFormTests" name="testBathroomsButtons" time="17.954"/>
  <system-out/>
  <testcase classname="com.hostaway.tests.FiltersFormTests" name="testAmenitiesCheckboxes" time="46.558"/>
  <system-out/>
  <testcase classname="com.hostaway.tests.FiltersFormTests" name="testFiltersForm" time="9.874"/>
  <system-out/>
</testsuite> <!-- com.hostaway.tests.FiltersFormTests -->
