<?xml version="1.0" encoding="UTF-8"?>
<!-- Generated by org.testng.reporters.JUnitReportReporter -->
<testsuite hostname="Damians-MacBook-Pro-2.local" failures="0" tests="1" name="com.hostaway.tests.AllListingsTests" time="29.973" errors="0" timestamp="2023-05-19T12:34:50 CEST" skipped="0">
  <testcase classname="com.hostaway.tests.AllListingsTests" name="testAllListingsCount" time="29.973"/>
  <system-out/>
</testsuite> <!-- com.hostaway.tests.AllListingsTests -->
